{"contracts/exchange.sol":{"l":{"15":6,"35":1,"39":2,"47":8,"48":7,"63":1,"64":1,"67":1,"68":1,"69":1,"70":1,"72":1,"73":1,"74":1,"75":1,"81":2,"82":2,"83":2,"88":1,"104":4,"105":4,"106":4,"107":4,"111":4,"112":4,"113":4,"114":4,"115":3,"116":3,"117":3,"119":0,"121":3,"122":3,"123":3,"124":3,"125":3,"127":3,"129":3,"130":3,"131":0,"132":0,"133":0,"136":3,"137":3,"139":3,"146":2,"147":2,"149":1,"150":1,"152":1,"153":1,"155":1,"156":1,"157":1,"160":1,"161":1,"162":1,"163":1,"164":1,"165":1,"168":1,"171":1,"172":1,"174":1,"175":1,"176":1,"177":1,"178":1,"186":2,"187":2,"189":1,"190":1,"192":1,"193":1,"194":1,"196":1,"197":1,"200":1,"201":1,"202":1,"203":1,"204":1,"205":1,"208":1,"211":1,"212":1,"214":1,"215":1,"216":1,"217":1,"230":1,"232":1,"233":1,"235":1,"236":1,"237":1,"239":1,"240":1,"242":0,"243":0,"245":0,"246":0,"247":0,"251":1,"253":1,"254":1,"255":1,"257":1,"258":1,"259":1,"261":1,"262":1,"264":1,"266":1,"267":1,"268":1,"270":1},"path":"/Users/ulian/WebstormProjects/My_DEX/contracts/exchange.sol","s":{"1":1,"2":2,"3":8,"4":7,"5":1,"6":1,"7":1,"8":1,"9":1,"10":1,"11":1,"12":2,"13":2,"14":1,"15":4,"16":4,"17":4,"18":4,"19":4,"20":4,"21":4,"22":4,"23":3,"24":3,"25":3,"26":3,"27":3,"28":0,"29":3,"30":3,"31":2,"32":2,"33":1,"34":1,"35":1,"36":1,"37":1,"38":1,"39":1,"40":1,"41":1,"42":1,"43":1,"44":1,"45":1,"46":1,"47":2,"48":2,"49":1,"50":1,"51":1,"52":1,"53":1,"54":1,"55":1,"56":1,"57":1,"58":1,"59":1,"60":1,"61":1,"62":1,"63":1,"64":1,"65":1,"66":1,"67":1,"68":1,"69":1,"70":0,"71":0,"72":1,"73":1,"74":1,"75":1,"76":1,"77":1,"78":1,"79":1,"80":1,"81":1,"82":1},"b":{"1":[1,0],"2":[1,0],"3":[1,0],"4":[1,0],"5":[1,0],"6":[1,0],"7":[2,0],"8":[4,0],"9":[4,0],"10":[4,0],"11":[4,0],"12":[4,0],"13":[3,1],"14":[3,0],"15":[3,0],"16":[0,0],"17":[3,0],"18":[2,0],"19":[1,1],"20":[1,0],"21":[1,0],"22":[1,0],"23":[1,0],"24":[1,0],"25":[1,0],"26":[1,0],"27":[1,0],"28":[2,0],"29":[1,1],"30":[1,0],"31":[1,0],"32":[1,0],"33":[1,0],"34":[1,0],"35":[1,0],"36":[1,0],"37":[1,0],"38":[0,1],"39":[1,0],"40":[1,0],"41":[1,0],"42":[1,0]},"f":{"1":6,"2":1,"3":2,"4":8,"5":1,"6":2,"7":1,"8":4,"9":2,"10":2,"11":1,"12":1},"fnMap":{"1":{"name":"constructor","line":14,"loc":{"start":{"line":14,"column":4},"end":{"line":16,"column":4}}},"2":{"name":"getTokenReserves","line":34,"loc":{"start":{"line":34,"column":4},"end":{"line":36,"column":4}}},"3":{"name":"getEthReserves","line":38,"loc":{"start":{"line":38,"column":4},"end":{"line":40,"column":4}}},"4":{"name":"getCurrentRate","line":42,"loc":{"start":{"line":42,"column":4},"end":{"line":49,"column":4}}},"5":{"name":"createPool","line":58,"loc":{"start":{"line":55,"column":4},"end":{"line":76,"column":4}}},"6":{"name":"removeLP","line":80,"loc":{"start":{"line":80,"column":4},"end":{"line":84,"column":4}}},"7":{"name":"getSwapFee","line":87,"loc":{"start":{"line":87,"column":4},"end":{"line":89,"column":4}}},"8":{"name":"addLiquidity","line":99,"loc":{"start":{"line":99,"column":4},"end":{"line":140,"column":4}}},"9":{"name":"removeLiquidity","line":145,"loc":{"start":{"line":145,"column":4},"end":{"line":182,"column":4}}},"10":{"name":"removeAllLiquidity","line":185,"loc":{"start":{"line":185,"column":4},"end":{"line":220,"column":4}}},"11":{"name":"swapTokensForETH","line":229,"loc":{"start":{"line":229,"column":4},"end":{"line":248,"column":4}}},"12":{"name":"swapETHForTokens","line":250,"loc":{"start":{"line":250,"column":4},"end":{"line":271,"column":4}}}},"statementMap":{"1":{"start":{"line":35,"column":8},"end":{"line":35,"column":29}},"2":{"start":{"line":39,"column":8},"end":{"line":39,"column":27}},"3":{"start":{"line":47,"column":8},"end":{"line":47,"column":75}},"4":{"start":{"line":48,"column":8},"end":{"line":48,"column":36}},"5":{"start":{"line":63,"column":8},"end":{"line":63,"column":64}},"6":{"start":{"line":64,"column":8},"end":{"line":64,"column":61}},"7":{"start":{"line":67,"column":8},"end":{"line":67,"column":58}},"8":{"start":{"line":68,"column":8},"end":{"line":68,"column":54}},"9":{"start":{"line":69,"column":8},"end":{"line":69,"column":88}},"10":{"start":{"line":70,"column":8},"end":{"line":70,"column":64}},"11":{"start":{"line":72,"column":8},"end":{"line":72,"column":66}},"12":{"start":{"line":81,"column":8},"end":{"line":81,"column":95}},"13":{"start":{"line":83,"column":8},"end":{"line":83,"column":25}},"14":{"start":{"line":88,"column":8},"end":{"line":88,"column":57}},"15":{"start":{"line":104,"column":8},"end":{"line":104,"column":71}},"16":{"start":{"line":105,"column":8},"end":{"line":105,"column":46}},"17":{"start":{"line":106,"column":8},"end":{"line":106,"column":75}},"18":{"start":{"line":107,"column":8},"end":{"line":107,"column":4041}},"19":{"start":{"line":111,"column":8},"end":{"line":111,"column":69}},"20":{"start":{"line":112,"column":8},"end":{"line":112,"column":58}},"21":{"start":{"line":113,"column":8},"end":{"line":113,"column":90}},"22":{"start":{"line":114,"column":8},"end":{"line":114,"column":99}},"23":{"start":{"line":115,"column":8},"end":{"line":115,"column":19}},"24":{"start":{"line":116,"column":8},"end":{"line":116,"column":4515}},"25":{"start":{"line":121,"column":8},"end":{"line":121,"column":41}},"26":{"start":{"line":129,"column":8},"end":{"line":129,"column":23}},"27":{"start":{"line":130,"column":8},"end":{"line":130,"column":4939}},"28":{"start":{"line":131,"column":12},"end":{"line":131,"column":4999}},"29":{"start":{"line":136,"column":8},"end":{"line":136,"column":5111}},"30":{"start":{"line":137,"column":12},"end":{"line":137,"column":40}},"31":{"start":{"line":146,"column":8},"end":{"line":146,"column":77}},"32":{"start":{"line":147,"column":8},"end":{"line":147,"column":83}},"33":{"start":{"line":149,"column":8},"end":{"line":149,"column":75}},"34":{"start":{"line":150,"column":8},"end":{"line":150,"column":135}},"35":{"start":{"line":152,"column":8},"end":{"line":152,"column":73}},"36":{"start":{"line":153,"column":8},"end":{"line":153,"column":70}},"37":{"start":{"line":155,"column":8},"end":{"line":155,"column":65}},"38":{"start":{"line":156,"column":8},"end":{"line":156,"column":74}},"39":{"start":{"line":157,"column":8},"end":{"line":157,"column":77}},"40":{"start":{"line":168,"column":8},"end":{"line":168,"column":83}},"41":{"start":{"line":171,"column":8},"end":{"line":171,"column":61}},"42":{"start":{"line":172,"column":8},"end":{"line":172,"column":43}},"43":{"start":{"line":174,"column":8},"end":{"line":174,"column":6803}},"44":{"start":{"line":175,"column":12},"end":{"line":175,"column":6847}},"45":{"start":{"line":176,"column":16},"end":{"line":176,"column":6916}},"46":{"start":{"line":177,"column":20},"end":{"line":177,"column":30}},"47":{"start":{"line":186,"column":8},"end":{"line":186,"column":77}},"48":{"start":{"line":187,"column":8},"end":{"line":187,"column":61}},"49":{"start":{"line":189,"column":8},"end":{"line":189,"column":75}},"50":{"start":{"line":190,"column":8},"end":{"line":190,"column":135}},"51":{"start":{"line":192,"column":8},"end":{"line":192,"column":40}},"52":{"start":{"line":193,"column":8},"end":{"line":193,"column":73}},"53":{"start":{"line":194,"column":8},"end":{"line":194,"column":50}},"54":{"start":{"line":196,"column":8},"end":{"line":196,"column":65}},"55":{"start":{"line":197,"column":8},"end":{"line":197,"column":74}},"56":{"start":{"line":208,"column":8},"end":{"line":208,"column":83}},"57":{"start":{"line":211,"column":8},"end":{"line":211,"column":61}},"58":{"start":{"line":212,"column":8},"end":{"line":212,"column":43}},"59":{"start":{"line":214,"column":8},"end":{"line":214,"column":8525}},"60":{"start":{"line":215,"column":12},"end":{"line":215,"column":8590}},"61":{"start":{"line":216,"column":16},"end":{"line":216,"column":26}},"62":{"start":{"line":230,"column":8},"end":{"line":230,"column":103}},"63":{"start":{"line":232,"column":8},"end":{"line":232,"column":77}},"64":{"start":{"line":233,"column":8},"end":{"line":233,"column":50}},"65":{"start":{"line":235,"column":8},"end":{"line":235,"column":66}},"66":{"start":{"line":236,"column":8},"end":{"line":236,"column":52}},"67":{"start":{"line":237,"column":8},"end":{"line":237,"column":53}},"68":{"start":{"line":239,"column":8},"end":{"line":239,"column":75}},"69":{"start":{"line":240,"column":8},"end":{"line":240,"column":89}},"70":{"start":{"line":242,"column":8},"end":{"line":242,"column":66}},"71":{"start":{"line":243,"column":8},"end":{"line":243,"column":44}},"72":{"start":{"line":251,"column":8},"end":{"line":251,"column":46}},"73":{"start":{"line":253,"column":8},"end":{"line":253,"column":31}},"74":{"start":{"line":254,"column":8},"end":{"line":254,"column":71}},"75":{"start":{"line":255,"column":8},"end":{"line":255,"column":41}},"76":{"start":{"line":257,"column":8},"end":{"line":257,"column":59}},"77":{"start":{"line":258,"column":8},"end":{"line":258,"column":52}},"78":{"start":{"line":259,"column":8},"end":{"line":259,"column":60}},"79":{"start":{"line":261,"column":8},"end":{"line":261,"column":78}},"80":{"start":{"line":262,"column":8},"end":{"line":262,"column":86}},"81":{"start":{"line":264,"column":8},"end":{"line":264,"column":89}},"82":{"start":{"line":270,"column":8},"end":{"line":270,"column":45}}},"branchMap":{"1":{"line":58,"type":"if","locations":[{"start":{"line":58,"column":8},"end":{"line":58,"column":8}},{"start":{"line":58,"column":8},"end":{"line":58,"column":8}}]},"2":{"line":63,"type":"if","locations":[{"start":{"line":63,"column":8},"end":{"line":63,"column":8}},{"start":{"line":63,"column":8},"end":{"line":63,"column":8}}]},"3":{"line":64,"type":"if","locations":[{"start":{"line":64,"column":8},"end":{"line":64,"column":8}},{"start":{"line":64,"column":8},"end":{"line":64,"column":8}}]},"4":{"line":67,"type":"if","locations":[{"start":{"line":67,"column":8},"end":{"line":67,"column":8}},{"start":{"line":67,"column":8},"end":{"line":67,"column":8}}]},"5":{"line":69,"type":"if","locations":[{"start":{"line":69,"column":8},"end":{"line":69,"column":8}},{"start":{"line":69,"column":8},"end":{"line":69,"column":8}}]},"6":{"line":70,"type":"if","locations":[{"start":{"line":70,"column":8},"end":{"line":70,"column":8}},{"start":{"line":70,"column":8},"end":{"line":70,"column":8}}]},"7":{"line":81,"type":"if","locations":[{"start":{"line":81,"column":8},"end":{"line":81,"column":8}},{"start":{"line":81,"column":8},"end":{"line":81,"column":8}}]},"8":{"line":104,"type":"if","locations":[{"start":{"line":104,"column":8},"end":{"line":104,"column":8}},{"start":{"line":104,"column":8},"end":{"line":104,"column":8}}]},"9":{"line":105,"type":"if","locations":[{"start":{"line":105,"column":8},"end":{"line":105,"column":8}},{"start":{"line":105,"column":8},"end":{"line":105,"column":8}}]},"10":{"line":107,"type":"if","locations":[{"start":{"line":107,"column":8},"end":{"line":107,"column":8}},{"start":{"line":107,"column":8},"end":{"line":107,"column":8}}]},"11":{"line":112,"type":"if","locations":[{"start":{"line":112,"column":8},"end":{"line":112,"column":8}},{"start":{"line":112,"column":8},"end":{"line":112,"column":8}}]},"12":{"line":113,"type":"if","locations":[{"start":{"line":113,"column":8},"end":{"line":113,"column":8}},{"start":{"line":113,"column":8},"end":{"line":113,"column":8}}]},"13":{"line":114,"type":"if","locations":[{"start":{"line":114,"column":8},"end":{"line":114,"column":8}},{"start":{"line":114,"column":8},"end":{"line":114,"column":8}}]},"14":{"line":116,"type":"if","locations":[{"start":{"line":116,"column":8},"end":{"line":116,"column":8}},{"start":{"line":116,"column":8},"end":{"line":116,"column":8}}]},"15":{"line":121,"type":"if","locations":[{"start":{"line":121,"column":8},"end":{"line":121,"column":8}},{"start":{"line":121,"column":8},"end":{"line":121,"column":8}}]},"16":{"line":131,"type":"if","locations":[{"start":{"line":131,"column":12},"end":{"line":131,"column":12}},{"start":{"line":131,"column":12},"end":{"line":131,"column":12}}]},"17":{"line":136,"type":"if","locations":[{"start":{"line":136,"column":8},"end":{"line":136,"column":8}},{"start":{"line":136,"column":8},"end":{"line":136,"column":8}}]},"18":{"line":146,"type":"if","locations":[{"start":{"line":146,"column":8},"end":{"line":146,"column":8}},{"start":{"line":146,"column":8},"end":{"line":146,"column":8}}]},"19":{"line":147,"type":"if","locations":[{"start":{"line":147,"column":8},"end":{"line":147,"column":8}},{"start":{"line":147,"column":8},"end":{"line":147,"column":8}}]},"20":{"line":150,"type":"if","locations":[{"start":{"line":150,"column":8},"end":{"line":150,"column":8}},{"start":{"line":150,"column":8},"end":{"line":150,"column":8}}]},"21":{"line":155,"type":"if","locations":[{"start":{"line":155,"column":8},"end":{"line":155,"column":8}},{"start":{"line":155,"column":8},"end":{"line":155,"column":8}}]},"22":{"line":156,"type":"if","locations":[{"start":{"line":156,"column":8},"end":{"line":156,"column":8}},{"start":{"line":156,"column":8},"end":{"line":156,"column":8}}]},"23":{"line":157,"type":"if","locations":[{"start":{"line":157,"column":8},"end":{"line":157,"column":8}},{"start":{"line":157,"column":8},"end":{"line":157,"column":8}}]},"24":{"line":168,"type":"if","locations":[{"start":{"line":168,"column":8},"end":{"line":168,"column":8}},{"start":{"line":168,"column":8},"end":{"line":168,"column":8}}]},"25":{"line":172,"type":"if","locations":[{"start":{"line":172,"column":8},"end":{"line":172,"column":8}},{"start":{"line":172,"column":8},"end":{"line":172,"column":8}}]},"26":{"line":174,"type":"if","locations":[{"start":{"line":174,"column":8},"end":{"line":174,"column":8}},{"start":{"line":174,"column":8},"end":{"line":174,"column":8}}]},"27":{"line":176,"type":"if","locations":[{"start":{"line":176,"column":16},"end":{"line":176,"column":16}},{"start":{"line":176,"column":16},"end":{"line":176,"column":16}}]},"28":{"line":186,"type":"if","locations":[{"start":{"line":186,"column":8},"end":{"line":186,"column":8}},{"start":{"line":186,"column":8},"end":{"line":186,"column":8}}]},"29":{"line":187,"type":"if","locations":[{"start":{"line":187,"column":8},"end":{"line":187,"column":8}},{"start":{"line":187,"column":8},"end":{"line":187,"column":8}}]},"30":{"line":190,"type":"if","locations":[{"start":{"line":190,"column":8},"end":{"line":190,"column":8}},{"start":{"line":190,"column":8},"end":{"line":190,"column":8}}]},"31":{"line":196,"type":"if","locations":[{"start":{"line":196,"column":8},"end":{"line":196,"column":8}},{"start":{"line":196,"column":8},"end":{"line":196,"column":8}}]},"32":{"line":197,"type":"if","locations":[{"start":{"line":197,"column":8},"end":{"line":197,"column":8}},{"start":{"line":197,"column":8},"end":{"line":197,"column":8}}]},"33":{"line":208,"type":"if","locations":[{"start":{"line":208,"column":8},"end":{"line":208,"column":8}},{"start":{"line":208,"column":8},"end":{"line":208,"column":8}}]},"34":{"line":212,"type":"if","locations":[{"start":{"line":212,"column":8},"end":{"line":212,"column":8}},{"start":{"line":212,"column":8},"end":{"line":212,"column":8}}]},"35":{"line":215,"type":"if","locations":[{"start":{"line":215,"column":12},"end":{"line":215,"column":12}},{"start":{"line":215,"column":12},"end":{"line":215,"column":12}}]},"36":{"line":230,"type":"if","locations":[{"start":{"line":230,"column":8},"end":{"line":230,"column":8}},{"start":{"line":230,"column":8},"end":{"line":230,"column":8}}]},"37":{"line":239,"type":"if","locations":[{"start":{"line":239,"column":8},"end":{"line":239,"column":8}},{"start":{"line":239,"column":8},"end":{"line":239,"column":8}}]},"38":{"line":240,"type":"if","locations":[{"start":{"line":240,"column":8},"end":{"line":240,"column":8}},{"start":{"line":240,"column":8},"end":{"line":240,"column":8}}]},"39":{"line":251,"type":"if","locations":[{"start":{"line":251,"column":8},"end":{"line":251,"column":8}},{"start":{"line":251,"column":8},"end":{"line":251,"column":8}}]},"40":{"line":261,"type":"if","locations":[{"start":{"line":261,"column":8},"end":{"line":261,"column":8}},{"start":{"line":261,"column":8},"end":{"line":261,"column":8}}]},"41":{"line":262,"type":"if","locations":[{"start":{"line":262,"column":8},"end":{"line":262,"column":8}},{"start":{"line":262,"column":8},"end":{"line":262,"column":8}}]},"42":{"line":264,"type":"if","locations":[{"start":{"line":264,"column":8},"end":{"line":264,"column":8}},{"start":{"line":264,"column":8},"end":{"line":264,"column":8}}]}}},"contracts/interfaces/IERC20.sol":{"l":{},"path":"/Users/ulian/WebstormProjects/My_DEX/contracts/interfaces/IERC20.sol","s":{},"b":{},"f":{},"fnMap":{},"statementMap":{},"branchMap":{}},"contracts/Lock.sol":{"l":{"14":4,"19":3,"20":3,"27":5,"28":4,"30":3,"32":3},"path":"/Users/ulian/WebstormProjects/My_DEX/contracts/Lock.sol","s":{"1":4,"2":5,"3":4,"4":3,"5":3},"b":{"1":[3,1],"2":[4,1],"3":[3,1]},"f":{"1":4,"2":5},"fnMap":{"1":{"name":"constructor","line":13,"loc":{"start":{"line":13,"column":4},"end":{"line":21,"column":4}}},"2":{"name":"withdraw","line":23,"loc":{"start":{"line":23,"column":4},"end":{"line":33,"column":4}}}},"statementMap":{"1":{"start":{"line":14,"column":8},"end":{"line":14,"column":327}},"2":{"start":{"line":27,"column":8},"end":{"line":27,"column":71}},"3":{"start":{"line":28,"column":8},"end":{"line":28,"column":59}},"4":{"start":{"line":30,"column":8},"end":{"line":30,"column":63}},"5":{"start":{"line":32,"column":8},"end":{"line":32,"column":44}}},"branchMap":{"1":{"line":14,"type":"if","locations":[{"start":{"line":14,"column":8},"end":{"line":14,"column":8}},{"start":{"line":14,"column":8},"end":{"line":14,"column":8}}]},"2":{"line":27,"type":"if","locations":[{"start":{"line":27,"column":8},"end":{"line":27,"column":8}},{"start":{"line":27,"column":8},"end":{"line":27,"column":8}}]},"3":{"line":28,"type":"if","locations":[{"start":{"line":28,"column":8},"end":{"line":28,"column":8}},{"start":{"line":28,"column":8},"end":{"line":28,"column":8}}]}}},"contracts/token.sol":{"l":{"27":6,"28":6,"29":6,"40":0},"path":"/Users/ulian/WebstormProjects/My_DEX/contracts/token.sol","s":{"1":6,"2":6,"3":6},"b":{"1":[6,0],"2":[6,0],"3":[6,0],"4":[0,0]},"f":{"1":6,"2":6,"3":0},"fnMap":{"1":{"name":"constructor","line":13,"loc":{"start":{"line":13,"column":4},"end":{"line":13,"column":41}}},"2":{"name":"mint","line":24,"loc":{"start":{"line":22,"column":4},"end":{"line":30,"column":4}}},"3":{"name":"disable_mint","line":37,"loc":{"start":{"line":35,"column":4},"end":{"line":42,"column":4}}}},"statementMap":{"1":{"start":{"line":27,"column":8},"end":{"line":27,"column":50}},"2":{"start":{"line":28,"column":8},"end":{"line":28,"column":56}},"3":{"start":{"line":29,"column":8},"end":{"line":29,"column":32}}},"branchMap":{"1":{"line":24,"type":"if","locations":[{"start":{"line":24,"column":8},"end":{"line":24,"column":8}},{"start":{"line":24,"column":8},"end":{"line":24,"column":8}}]},"2":{"line":27,"type":"if","locations":[{"start":{"line":27,"column":8},"end":{"line":27,"column":8}},{"start":{"line":27,"column":8},"end":{"line":27,"column":8}}]},"3":{"line":28,"type":"if","locations":[{"start":{"line":28,"column":8},"end":{"line":28,"column":8}},{"start":{"line":28,"column":8},"end":{"line":28,"column":8}}]},"4":{"line":37,"type":"if","locations":[{"start":{"line":37,"column":8},"end":{"line":37,"column":8}},{"start":{"line":37,"column":8},"end":{"line":37,"column":8}}]}}}}